[2024-05-31T02:50:48.570+0000] {taskinstance.py:1956} INFO - Dependencies all met for dep_context=non-requeueable deps ti=<TaskInstance: tipico_dag.load_data_to_redshift scheduled__2024-05-31T02:40:00+00:00 [queued]>
[2024-05-31T02:50:48.581+0000] {taskinstance.py:1956} INFO - Dependencies all met for dep_context=requeueable deps ti=<TaskInstance: tipico_dag.load_data_to_redshift scheduled__2024-05-31T02:40:00+00:00 [queued]>
[2024-05-31T02:50:48.581+0000] {taskinstance.py:2170} INFO - Starting attempt 1 of 2
[2024-05-31T02:50:48.597+0000] {taskinstance.py:2191} INFO - Executing <Task(PythonOperator): load_data_to_redshift> on 2024-05-31 02:40:00+00:00
[2024-05-31T02:50:48.608+0000] {standard_task_runner.py:60} INFO - Started process 25188 to run task
[2024-05-31T02:50:48.612+0000] {standard_task_runner.py:87} INFO - Running: ['***', 'tasks', 'run', 'tipico_dag', 'load_data_to_redshift', 'scheduled__2024-05-31T02:40:00+00:00', '--job-id', '254', '--raw', '--subdir', 'DAGS_FOLDER/tipico_dag.py', '--cfg-path', '/tmp/tmpbc45o6iv']
[2024-05-31T02:50:48.614+0000] {standard_task_runner.py:88} INFO - Job 254: Subtask load_data_to_redshift
[2024-05-31T02:50:48.675+0000] {task_command.py:423} INFO - Running <TaskInstance: tipico_dag.load_data_to_redshift scheduled__2024-05-31T02:40:00+00:00 [running]> on host a71bb5ce980f
[2024-05-31T02:50:48.783+0000] {taskinstance.py:2480} INFO - Exporting env vars: AIRFLOW_CTX_DAG_OWNER='***' AIRFLOW_CTX_DAG_ID='tipico_dag' AIRFLOW_CTX_TASK_ID='load_data_to_redshift' AIRFLOW_CTX_EXECUTION_DATE='2024-05-31T02:40:00+00:00' AIRFLOW_CTX_TRY_NUMBER='1' AIRFLOW_CTX_DAG_RUN_ID='scheduled__2024-05-31T02:40:00+00:00'
[2024-05-31T02:50:48.834+0000] {logging_mixin.py:188} INFO -    Unnamed: 0  ...  eventMetadata
0           0  ...            NaN
1           1  ...            NaN
2           2  ...            NaN
3           3  ...            NaN
4           4  ...            NaN

[5 rows x 22 columns]
[2024-05-31T02:50:48.847+0000] {base.py:83} INFO - Using connection ID 'redshift_default' for task execution.
[2024-05-31T02:50:49.881+0000] {logging_mixin.py:188} INFO - {814989}
[2024-05-31T02:51:12.246+0000] {warnings.py:109} WARNING - /opt/***/dags/tipico_etl.py:40: UserWarning: DB-API extension cursor.connection used
  cursor.execute(sql, ({row['id']}, {row['startTime']}, {row['messageTime']},{row['sportType']}, {row['matchState']},{row['participants']}, {row['status']},{row['marketCount']}, {row['group']},{row['markets']}, {row['eventType']},{row['updatesCount']}, {row['displayInfo']},{row['score']}, {row['gameClock']},{row['eventReferences']}, {row['eventDetails']},{row['sportCurrentGameState']}, {row['lastModifiedTime']},{row['eventTags']}))

[2024-05-31T02:51:12.248+0000] {taskinstance.py:2698} ERROR - Task failed with exception
Traceback (most recent call last):
  File "/home/airflow/.local/lib/python3.8/site-packages/redshift_connector/core.py", line 1612, in make_params
    params.append(self.py_types[typ])
KeyError: <class 'set'>

During handling of the above exception, another exception occurred:

Traceback (most recent call last):
  File "/home/airflow/.local/lib/python3.8/site-packages/redshift_connector/core.py", line 1615, in make_params
    params.append(self.inspect_funcs[typ](value))
KeyError: <class 'set'>

During handling of the above exception, another exception occurred:

Traceback (most recent call last):
  File "/home/airflow/.local/lib/python3.8/site-packages/airflow/models/taskinstance.py", line 433, in _execute_task
    result = execute_callable(context=context, **execute_callable_kwargs)
  File "/home/airflow/.local/lib/python3.8/site-packages/airflow/operators/python.py", line 199, in execute
    return_value = self.execute_callable()
  File "/home/airflow/.local/lib/python3.8/site-packages/airflow/operators/python.py", line 216, in execute_callable
    return self.python_callable(*self.op_args, **self.op_kwargs)
  File "/opt/airflow/dags/tipico_etl.py", line 40, in load_data_to_redshift
    cursor.execute(sql, ({row['id']}, {row['startTime']}, {row['messageTime']},{row['sportType']}, {row['matchState']},{row['participants']}, {row['status']},{row['marketCount']}, {row['group']},{row['markets']}, {row['eventType']},{row['updatesCount']}, {row['displayInfo']},{row['score']}, {row['gameClock']},{row['eventReferences']}, {row['eventDetails']},{row['sportCurrentGameState']}, {row['lastModifiedTime']},{row['eventTags']}))
  File "/home/airflow/.local/lib/python3.8/site-packages/redshift_connector/cursor.py", line 248, in execute
    raise e
  File "/home/airflow/.local/lib/python3.8/site-packages/redshift_connector/cursor.py", line 241, in execute
    self._c.execute(self, operation, args)
  File "/home/airflow/.local/lib/python3.8/site-packages/redshift_connector/core.py", line 1788, in execute
    params = self.make_params(args)
  File "/home/airflow/.local/lib/python3.8/site-packages/redshift_connector/core.py", line 1639, in make_params
    raise NotSupportedError("type " + str(e) + " not mapped to pg type")
redshift_connector.error.NotSupportedError: type <class 'set'> not mapped to pg type
[2024-05-31T02:51:12.278+0000] {taskinstance.py:1138} INFO - Marking task as UP_FOR_RETRY. dag_id=tipico_dag, task_id=load_data_to_redshift, execution_date=20240531T024000, start_date=20240531T025048, end_date=20240531T025112
[2024-05-31T02:51:12.303+0000] {standard_task_runner.py:107} ERROR - Failed to execute job 254 for task load_data_to_redshift (type <class 'set'> not mapped to pg type; 25188)
[2024-05-31T02:51:12.343+0000] {local_task_job_runner.py:234} INFO - Task exited with return code 1
[2024-05-31T02:51:12.361+0000] {taskinstance.py:3280} INFO - 0 downstream tasks scheduled from follow-on schedule check
